# JRE version: OpenJDK Runtime Environment Temurin-17.0.8.1+1 (17.0.8.1+1) (build 17.0.8.1+1)
# Java VM: OpenJDK 64-Bit Server VM Temurin-17.0.8.1+1 (17.0.8.1+1, mixed mode, emulated-client, tiered, compressed oops, compressed class ptrs, g1 gc, windows-amd64)
GC Precious Log:
 CPUs: 4 total, 4 available
 Memory: 16288M
 Large Page Support: Disabled
 NUMA Support: Disabled
 Compressed Oops: Enabled (32-bit)
 Heap Region Size: 1M
 Heap Min Capacity: 8M
 Heap Initial Capacity: 256M
 Heap Max Capacity: 1G
 Pre-touch: Disabled
 Parallel Workers: 4
 Concurrent Workers: 1
 Concurrent Refinement Workers: 4
 Periodic GC: Disabled
Heap:
 garbage-first heap   total 61440K, used 25367K [0x00000000c0000000, 0x0000000100000000)
  region size 1024K, 1 young (1024K), 0 survivors (0K)
 Metaspace       used 52288K, committed 52928K, reserved 1114112K
  class space    used 6197K, committed 6464K, reserved 1048576K
GC Heap History (20 events):
Event: 57217.300 GC heap before
{Heap before GC invocations=5605 (full 5583):
 garbage-first heap   total 61440K, used 25367K [0x00000000c0000000, 0x0000000100000000)
  region size 1024K, 1 young (1024K), 0 survivors (0K)
 Metaspace       used 52288K, committed 52928K, reserved 1114112K
  class space    used 6197K, committed 6464K, reserved 1048576K
}
Event: 57217.349 GC heap after
{Heap after GC invocations=5606 (full 5584):
 garbage-first heap   total 61440K, used 25367K [0x00000000c0000000, 0x0000000100000000)
  region size 1024K, 0 young (0K), 0 survivors (0K)
 Metaspace       used 52288K, committed 52928K, reserved 1114112K
  class space    used 6197K, committed 6464K, reserved 1048576K
}
Event: 57227.642 GC heap before
{Heap before GC invocations=5606 (full 5584):
 garbage-first heap   total 61440K, used 25367K [0x00000000c0000000, 0x0000000100000000)
  region size 1024K, 1 young (1024K), 0 survivors (0K)
 Metaspace       used 52288K, committed 52928K, reserved 1114112K
  class space    used 6197K, committed 6464K, reserved 1048576K
}
Event: 57227.688 GC heap after
{Heap after GC invocations=5607 (full 5585):
 garbage-first heap   total 61440K, used 25367K [0x00000000c0000000, 0x0000000100000000)
  region size 1024K, 0 young (0K), 0 survivors (0K)
 Metaspace       used 52288K, committed 52928K, reserved 1114112K
  class space    used 6197K, committed 6464K, reserved 1048576K
}
Event: 57237.992 GC heap before
{Heap before GC invocations=5607 (full 5585):
 garbage-first heap   total 61440K, used 25367K [0x00000000c0000000, 0x0000000100000000)
  region size 1024K, 1 young (1024K), 0 survivors (0K)
 Metaspace       used 52288K, committed 52928K, reserved 1114112K
  class space    used 6197K, committed 6464K, reserved 1048576K
}
Event: 57238.040 GC heap after
{Heap after GC invocations=5608 (full 5586):
 garbage-first heap   total 61440K, used 25367K [0x00000000c0000000, 0x0000000100000000)
  region size 1024K, 0 young (0K), 0 survivors (0K)
 Metaspace       used 52288K, committed 52928K, reserved 1114112K
  class space    used 6197K, committed 6464K, reserved 1048576K
}
Event: 57248.277 GC heap before
{Heap before GC invocations=5608 (full 5586):
 garbage-first heap   total 61440K, used 25367K [0x00000000c0000000, 0x0000000100000000)
  region size 1024K, 1 young (1024K), 0 survivors (0K)
 Metaspace       used 52288K, committed 52928K, reserved 1114112K
  class space    used 6197K, committed 6464K, reserved 1048576K
}
Event: 57248.325 GC heap after
{Heap after GC invocations=5609 (full 5587):
 garbage-first heap   total 61440K, used 25367K [0x00000000c0000000, 0x0000000100000000)
  region size 1024K, 0 young (0K), 0 survivors (0K)
 Metaspace       used 52288K, committed 52928K, reserved 1114112K
  class space    used 6197K, committed 6464K, reserved 1048576K
}
Event: 57258.552 GC heap before
{Heap before GC invocations=5609 (full 5587):
 garbage-first heap   total 61440K, used 25367K [0x00000000c0000000, 0x0000000100000000)
  region size 1024K, 1 young (1024K), 0 survivors (0K)
 Metaspace       used 52288K, committed 52928K, reserved 1114112K
  class space    used 6197K, committed 6464K, reserved 1048576K
}
Event: 57258.596 GC heap after
{Heap after GC invocations=5610 (full 5588):
 garbage-first heap   total 61440K, used 25367K [0x00000000c0000000, 0x0000000100000000)
  region size 1024K, 0 young (0K), 0 survivors (0K)
 Metaspace       used 52288K, committed 52928K, reserved 1114112K
  class space    used 6197K, committed 6464K, reserved 1048576K
}
Event: 57268.866 GC heap before
{Heap before GC invocations=5610 (full 5588):
 garbage-first heap   total 61440K, used 25367K [0x00000000c0000000, 0x0000000100000000)
  region size 1024K, 1 young (1024K), 0 survivors (0K)
 Metaspace       used 52288K, committed 52928K, reserved 1114112K
  class space    used 6197K, committed 6464K, reserved 1048576K
}
Event: 57268.916 GC heap after
{Heap after GC invocations=5611 (full 5589):
 garbage-first heap   total 61440K, used 25367K [0x00000000c0000000, 0x0000000100000000)
  region size 1024K, 0 young (0K), 0 survivors (0K)
 Metaspace       used 52288K, committed 52928K, reserved 1114112K
  class space    used 6197K, committed 6464K, reserved 1048576K
}
Event: 57279.109 GC heap before
{Heap before GC invocations=5611 (full 5589):
 garbage-first heap   total 61440K, used 25367K [0x00000000c0000000, 0x0000000100000000)
  region size 1024K, 1 young (1024K), 0 survivors (0K)
 Metaspace       used 52288K, committed 52928K, reserved 1114112K
  class space    used 6197K, committed 6464K, reserved 1048576K
}
Event: 57279.149 GC heap after
{Heap after GC invocations=5612 (full 5590):
 garbage-first heap   total 61440K, used 25367K [0x00000000c0000000, 0x0000000100000000)
  region size 1024K, 0 young (0K), 0 survivors (0K)
 Metaspace       used 52288K, committed 52928K, reserved 1114112K
  class space    used 6197K, committed 6464K, reserved 1048576K
}
Event: 57289.405 GC heap before
{Heap before GC invocations=5612 (full 5590):
 garbage-first heap   total 61440K, used 25367K [0x00000000c0000000, 0x0000000100000000)
  region size 1024K, 1 young (1024K), 0 survivors (0K)
 Metaspace       used 52288K, committed 52928K, reserved 1114112K
  class space    used 6197K, committed 6464K, reserved 1048576K
}
Event: 57289.451 GC heap after
{Heap after GC invocations=5613 (full 5591):
 garbage-first heap   total 61440K, used 25367K [0x00000000c0000000, 0x0000000100000000)
  region size 1024K, 0 young (0K), 0 survivors (0K)
 Metaspace       used 52288K, committed 52928K, reserved 1114112K
  class space    used 6197K, committed 6464K, reserved 1048576K
}
Event: 57299.787 GC heap before
{Heap before GC invocations=5613 (full 5591):
 garbage-first heap   total 61440K, used 25367K [0x00000000c0000000, 0x0000000100000000)
  region size 1024K, 1 young (1024K), 0 survivors (0K)
 Metaspace       used 52288K, committed 52928K, reserved 1114112K
  class space    used 6197K, committed 6464K, reserved 1048576K
}
Event: 57299.836 GC heap after
{Heap after GC invocations=5614 (full 5592):
 garbage-first heap   total 61440K, used 25367K [0x00000000c0000000, 0x0000000100000000)
  region size 1024K, 0 young (0K), 0 survivors (0K)
 Metaspace       used 52288K, committed 52928K, reserved 1114112K
  class space    used 6197K, committed 6464K, reserved 1048576K
}
Event: 57310.194 GC heap before
{Heap before GC invocations=5614 (full 5592):
 garbage-first heap   total 61440K, used 25367K [0x00000000c0000000, 0x0000000100000000)
  region size 1024K, 1 young (1024K), 0 survivors (0K)
 Metaspace       used 52288K, committed 52928K, reserved 1114112K
  class space    used 6197K, committed 6464K, reserved 1048576K
}
Event: 57310.241 GC heap after
{Heap after GC invocations=5615 (full 5593):
 garbage-first heap   total 61440K, used 25367K [0x00000000c0000000, 0x0000000100000000)
  region size 1024K, 0 young (0K), 0 survivors (0K)
 Metaspace       used 52288K, committed 52928K, reserved 1114112K
  class space    used 6197K, committed 6464K, reserved 1048576K
}

