# JRE version: OpenJDK Runtime Environment Temurin-17.0.8.1+1 (17.0.8.1+1) (build 17.0.8.1+1)
# Java VM: OpenJDK 64-Bit Server VM Temurin-17.0.8.1+1 (17.0.8.1+1, mixed mode, emulated-client, tiered, compressed oops, compressed class ptrs, g1 gc, windows-amd64)
GC Precious Log:
 CPUs: 4 total, 4 available
 Memory: 16288M
 Large Page Support: Disabled
 NUMA Support: Disabled
 Compressed Oops: Enabled (32-bit)
 Heap Region Size: 1M
 Heap Min Capacity: 8M
 Heap Initial Capacity: 256M
 Heap Max Capacity: 1G
 Pre-touch: Disabled
 Parallel Workers: 4
 Concurrent Workers: 1
 Concurrent Refinement Workers: 4
 Periodic GC: Disabled
Heap:
 garbage-first heap   total 89088K, used 25667K [0x00000000c0000000, 0x0000000100000000)
  region size 1024K, 1 young (1024K), 0 survivors (0K)
 Metaspace       used 53110K, committed 53568K, reserved 1114112K
  class space    used 6336K, committed 6528K, reserved 1048576K
GC Heap History (20 events):
Event: 4680.633 GC heap before
{Heap before GC invocations=437 (full 404):
 garbage-first heap   total 89088K, used 25667K [0x00000000c0000000, 0x0000000100000000)
  region size 1024K, 1 young (1024K), 0 survivors (0K)
 Metaspace       used 53110K, committed 53568K, reserved 1114112K
  class space    used 6336K, committed 6528K, reserved 1048576K
}
Event: 4680.683 GC heap after
{Heap after GC invocations=438 (full 405):
 garbage-first heap   total 89088K, used 25667K [0x00000000c0000000, 0x0000000100000000)
  region size 1024K, 0 young (0K), 0 survivors (0K)
 Metaspace       used 53110K, committed 53568K, reserved 1114112K
  class space    used 6336K, committed 6528K, reserved 1048576K
}
Event: 4690.957 GC heap before
{Heap before GC invocations=438 (full 405):
 garbage-first heap   total 89088K, used 25667K [0x00000000c0000000, 0x0000000100000000)
  region size 1024K, 1 young (1024K), 0 survivors (0K)
 Metaspace       used 53110K, committed 53568K, reserved 1114112K
  class space    used 6336K, committed 6528K, reserved 1048576K
}
Event: 4691.008 GC heap after
{Heap after GC invocations=439 (full 406):
 garbage-first heap   total 89088K, used 25667K [0x00000000c0000000, 0x0000000100000000)
  region size 1024K, 0 young (0K), 0 survivors (0K)
 Metaspace       used 53110K, committed 53568K, reserved 1114112K
  class space    used 6336K, committed 6528K, reserved 1048576K
}
Event: 4701.273 GC heap before
{Heap before GC invocations=439 (full 406):
 garbage-first heap   total 89088K, used 25667K [0x00000000c0000000, 0x0000000100000000)
  region size 1024K, 1 young (1024K), 0 survivors (0K)
 Metaspace       used 53110K, committed 53568K, reserved 1114112K
  class space    used 6336K, committed 6528K, reserved 1048576K
}
Event: 4701.325 GC heap after
{Heap after GC invocations=440 (full 407):
 garbage-first heap   total 89088K, used 25667K [0x00000000c0000000, 0x0000000100000000)
  region size 1024K, 0 young (0K), 0 survivors (0K)
 Metaspace       used 53110K, committed 53568K, reserved 1114112K
  class space    used 6336K, committed 6528K, reserved 1048576K
}
Event: 4711.880 GC heap before
{Heap before GC invocations=440 (full 407):
 garbage-first heap   total 89088K, used 25667K [0x00000000c0000000, 0x0000000100000000)
  region size 1024K, 1 young (1024K), 0 survivors (0K)
 Metaspace       used 53110K, committed 53568K, reserved 1114112K
  class space    used 6336K, committed 6528K, reserved 1048576K
}
Event: 4711.933 GC heap after
{Heap after GC invocations=441 (full 408):
 garbage-first heap   total 89088K, used 25667K [0x00000000c0000000, 0x0000000100000000)
  region size 1024K, 0 young (0K), 0 survivors (0K)
 Metaspace       used 53110K, committed 53568K, reserved 1114112K
  class space    used 6336K, committed 6528K, reserved 1048576K
}
Event: 4722.357 GC heap before
{Heap before GC invocations=441 (full 408):
 garbage-first heap   total 89088K, used 25667K [0x00000000c0000000, 0x0000000100000000)
  region size 1024K, 1 young (1024K), 0 survivors (0K)
 Metaspace       used 53110K, committed 53568K, reserved 1114112K
  class space    used 6336K, committed 6528K, reserved 1048576K
}
Event: 4722.408 GC heap after
{Heap after GC invocations=442 (full 409):
 garbage-first heap   total 89088K, used 25667K [0x00000000c0000000, 0x0000000100000000)
  region size 1024K, 0 young (0K), 0 survivors (0K)
 Metaspace       used 53110K, committed 53568K, reserved 1114112K
  class space    used 6336K, committed 6528K, reserved 1048576K
}
Event: 4733.292 GC heap before
{Heap before GC invocations=442 (full 409):
 garbage-first heap   total 89088K, used 25667K [0x00000000c0000000, 0x0000000100000000)
  region size 1024K, 1 young (1024K), 0 survivors (0K)
 Metaspace       used 53110K, committed 53568K, reserved 1114112K
  class space    used 6336K, committed 6528K, reserved 1048576K
}
Event: 4733.341 GC heap after
{Heap after GC invocations=443 (full 410):
 garbage-first heap   total 89088K, used 25667K [0x00000000c0000000, 0x0000000100000000)
  region size 1024K, 0 young (0K), 0 survivors (0K)
 Metaspace       used 53110K, committed 53568K, reserved 1114112K
  class space    used 6336K, committed 6528K, reserved 1048576K
}
Event: 4743.641 GC heap before
{Heap before GC invocations=443 (full 410):
 garbage-first heap   total 89088K, used 25667K [0x00000000c0000000, 0x0000000100000000)
  region size 1024K, 1 young (1024K), 0 survivors (0K)
 Metaspace       used 53110K, committed 53568K, reserved 1114112K
  class space    used 6336K, committed 6528K, reserved 1048576K
}
Event: 4743.686 GC heap after
{Heap after GC invocations=444 (full 411):
 garbage-first heap   total 89088K, used 25667K [0x00000000c0000000, 0x0000000100000000)
  region size 1024K, 0 young (0K), 0 survivors (0K)
 Metaspace       used 53110K, committed 53568K, reserved 1114112K
  class space    used 6336K, committed 6528K, reserved 1048576K
}
Event: 4753.964 GC heap before
{Heap before GC invocations=444 (full 411):
 garbage-first heap   total 89088K, used 25667K [0x00000000c0000000, 0x0000000100000000)
  region size 1024K, 1 young (1024K), 0 survivors (0K)
 Metaspace       used 53110K, committed 53568K, reserved 1114112K
  class space    used 6336K, committed 6528K, reserved 1048576K
}
Event: 4754.013 GC heap after
{Heap after GC invocations=445 (full 412):
 garbage-first heap   total 89088K, used 25667K [0x00000000c0000000, 0x0000000100000000)
  region size 1024K, 0 young (0K), 0 survivors (0K)
 Metaspace       used 53110K, committed 53568K, reserved 1114112K
  class space    used 6336K, committed 6528K, reserved 1048576K
}
Event: 4765.082 GC heap before
{Heap before GC invocations=445 (full 412):
 garbage-first heap   total 89088K, used 25667K [0x00000000c0000000, 0x0000000100000000)
  region size 1024K, 1 young (1024K), 0 survivors (0K)
 Metaspace       used 53110K, committed 53568K, reserved 1114112K
  class space    used 6336K, committed 6528K, reserved 1048576K
}
Event: 4765.134 GC heap after
{Heap after GC invocations=446 (full 413):
 garbage-first heap   total 89088K, used 25667K [0x00000000c0000000, 0x0000000100000000)
  region size 1024K, 0 young (0K), 0 survivors (0K)
 Metaspace       used 53110K, committed 53568K, reserved 1114112K
  class space    used 6336K, committed 6528K, reserved 1048576K
}
Event: 4775.559 GC heap before
{Heap before GC invocations=446 (full 413):
 garbage-first heap   total 89088K, used 25667K [0x00000000c0000000, 0x0000000100000000)
  region size 1024K, 1 young (1024K), 0 survivors (0K)
 Metaspace       used 53110K, committed 53568K, reserved 1114112K
  class space    used 6336K, committed 6528K, reserved 1048576K
}
Event: 4775.612 GC heap after
{Heap after GC invocations=447 (full 414):
 garbage-first heap   total 89088K, used 25667K [0x00000000c0000000, 0x0000000100000000)
  region size 1024K, 0 young (0K), 0 survivors (0K)
 Metaspace       used 53110K, committed 53568K, reserved 1114112K
  class space    used 6336K, committed 6528K, reserved 1048576K
}

